<?xml version="1.0" encoding="UTF-8"?>
<testsuite xmlns:xsi="http://www.w3.org/2001/XMLSchema-instance" xsi:noNamespaceSchemaLocation="https://maven.apache.org/surefire/maven-surefire-plugin/xsd/surefire-test-report.xsd" name="com.zalinius.physics.collisions.CollisionTest" time="0.036" tests="28" errors="0" skipped="0" failures="0">
  <properties>
[...]
</properties>
  <testcase name="isOverlapping_twoMoreMoreKindaRandomPerpendicularLines_false" classname="com.zalinius.physics.collisions.CollisionTest" time="0.011"/>
  <testcase name="isOverlapping_twoDistantPerpendicularSegments_false" classname="com.zalinius.physics.collisions.CollisionTest" time="0"/>
  <testcase name="isOverlapping_twoJustTouchingPerpendicularSegments_true" classname="com.zalinius.physics.collisions.CollisionTest" time="0.003"/>
  <testcase name="isOverlapping_twoFarAwaySquare_false" classname="com.zalinius.physics.collisions.CollisionTest" time="0.003"/>
  <testcase name="isOverlapping_adjacentSquares_true" classname="com.zalinius.physics.collisions.CollisionTest" time="0"/>
  <testcase name="isOverlapping_twoConcentricDifferentCircles_true" classname="com.zalinius.physics.collisions.CollisionTest" time="0"/>
  <testcase name="isOverlapping_twoFullyStackedVerticalParallelLines_true" classname="com.zalinius.physics.collisions.CollisionTest" time="0.001"/>
  <testcase name="isOverlapping_twoMoreKindaRandomPerpendicularLines_false" classname="com.zalinius.physics.collisions.CollisionTest" time="0.001"/>
  <testcase name="isOverlapping_twoCrossedPerpendicularSegments_true" classname="com.zalinius.physics.collisions.CollisionTest" time="0"/>
  <testcase name="isOverlapping_twoPartiallyOverlappingCircles_true" classname="com.zalinius.physics.collisions.CollisionTest" time="0"/>
  <testcase name="isOverlapping_verticallyCloseSquares_true" classname="com.zalinius.physics.collisions.CollisionTest" time="0"/>
  <testcase name="isOverlapping_twoCrossingLines_true" classname="com.zalinius.physics.collisions.CollisionTest" time="0.001"/>
  <testcase name="isOverlapping_twoSeparateHorizontalParallelLines_false" classname="com.zalinius.physics.collisions.CollisionTest" time="0"/>
  <testcase name="isOverlapping_twoFarAwayCircles_false" classname="com.zalinius.physics.collisions.CollisionTest" time="0"/>
  <testcase name="isOverlapping_twoFullyStackedDiagonalParallelLines_true" classname="com.zalinius.physics.collisions.CollisionTest" time="0"/>
  <testcase name="isOverlapping_twoKindaRandomPerpendicularLines_false" classname="com.zalinius.physics.collisions.CollisionTest" time="0"/>
  <testcase name="isOverlapping_horizontallyAlignedDistantSquares_false" classname="com.zalinius.physics.collisions.CollisionTest" time="0"/>
  <testcase name="isOverlapping_twoConcentricIdenticalCircles_true" classname="com.zalinius.physics.collisions.CollisionTest" time="0"/>
  <testcase name="isOverlapping_twoRectanglesAtACertainDistance_false" classname="com.zalinius.physics.collisions.CollisionTest" time="0.001"/>
  <testcase name="isOverlapping_twoFullyStackedHorizontalParallelLines_true" classname="com.zalinius.physics.collisions.CollisionTest" time="0"/>
  <testcase name="isOverlapping_twoDistantAlignedHorizontalParallelLines_false" classname="com.zalinius.physics.collisions.CollisionTest" time="0.001"/>
  <testcase name="isOverlapping_twoJustTouchingParallelVerticalSegments_true" classname="com.zalinius.physics.collisions.CollisionTest" time="0"/>
  <testcase name="isOverlapping_twoAdjacentCircles_true" classname="com.zalinius.physics.collisions.CollisionTest" time="0"/>
  <testcase name="isOverlapping_twoDistantAlignedVerticalParallelLines_false" classname="com.zalinius.physics.collisions.CollisionTest" time="0"/>
  <testcase name="isOverlapping_twoSeparateDiagonalParallelLines_false" classname="com.zalinius.physics.collisions.CollisionTest" time="0"/>
  <testcase name="isOverlapping_verticallyAlignedDistantSquares_false" classname="com.zalinius.physics.collisions.CollisionTest" time="0.001"/>
  <testcase name="isOverlapping_twoSeparateVerticalParallelLines_false" classname="com.zalinius.physics.collisions.CollisionTest" time="0"/>
  <testcase name="isOverlapping_twoJustTouchingParallelHorizontalSegments_true" classname="com.zalinius.physics.collisions.CollisionTest" time="0.001"/>
</testsuite>